2018-10-18 22:32:20,706 [Worker-13: Building workspace] INFO  o.e.m.c.i.l.LifecycleMappingFactory - Using org.eclipse.m2e.jdt.JarLifecycleMapping lifecycle mapping for MavenProject: com.lbenitez.spring:CatalogoProductos:0.0.1-SNAPSHOT @ C:\Users\Lucia\Desktop\Proyecto\Proyecto Productos - copia\CatalogoProductos\pom.xml.
2018-10-18 22:32:27,833 [Worker-13: Building workspace] INFO  o.e.m.c.i.embedder.EclipseLogger - Using 'UTF-8' encoding to copy filtered resources.
2018-10-18 22:32:27,863 [Worker-13: Building workspace] INFO  o.e.m.c.i.embedder.EclipseLogger - Copying 1 resource
2018-10-18 22:32:27,879 [Worker-13: Building workspace] INFO  o.e.m.c.i.embedder.EclipseLogger - Copying 22 resources
2018-10-18 22:32:28,417 [Worker-13: Building workspace] INFO  o.e.m.c.i.embedder.EclipseLogger - Using 'UTF-8' encoding to copy filtered resources.
2018-10-18 22:32:28,418 [Worker-13: Building workspace] INFO  o.e.m.c.i.embedder.EclipseLogger - skip non existing resourceDirectory C:\Users\Lucia\Desktop\Proyecto\Proyecto Productos - copia\CatalogoProductos\src\test\resources
2018-10-18 22:32:41,427 [Worker-8: Building workspace] INFO  o.e.m.c.i.embedder.EclipseLogger - Using 'UTF-8' encoding to copy filtered resources.
2018-10-18 22:32:41,470 [Worker-8: Building workspace] INFO  o.e.m.c.i.embedder.EclipseLogger - Copying 1 resource
2018-10-18 22:32:41,477 [Worker-8: Building workspace] INFO  o.e.m.c.i.embedder.EclipseLogger - Copying 22 resources
2018-10-18 22:32:41,604 [Worker-8: Building workspace] INFO  o.e.m.c.i.embedder.EclipseLogger - Using 'UTF-8' encoding to copy filtered resources.
2018-10-18 22:32:41,604 [Worker-8: Building workspace] INFO  o.e.m.c.i.embedder.EclipseLogger - skip non existing resourceDirectory C:\Users\Lucia\Desktop\Proyecto\Proyecto Productos - copia\CatalogoProductos\src\test\resources
2018-10-18 22:32:51,670 [Worker-11: Building workspace] INFO  o.e.m.c.i.embedder.EclipseLogger - Using 'UTF-8' encoding to copy filtered resources.
2018-10-18 22:32:51,679 [Worker-11: Building workspace] INFO  o.e.m.c.i.embedder.EclipseLogger - Copying 1 resource
2018-10-18 22:32:51,737 [Worker-11: Building workspace] INFO  o.e.m.c.i.embedder.EclipseLogger - Copying 22 resources
2018-10-18 22:32:51,747 [Worker-11: Building workspace] INFO  o.e.m.c.i.embedder.EclipseLogger - Using 'UTF-8' encoding to copy filtered resources.
2018-10-18 22:32:51,747 [Worker-11: Building workspace] INFO  o.e.m.c.i.embedder.EclipseLogger - skip non existing resourceDirectory C:\Users\Lucia\Desktop\Proyecto\Proyecto Productos - copia\CatalogoProductos\src\test\resources
2018-10-18 22:33:01,596 [Worker-14: Building workspace] INFO  o.e.m.c.i.embedder.EclipseLogger - Using 'UTF-8' encoding to copy filtered resources.
2018-10-18 22:33:01,604 [Worker-14: Building workspace] INFO  o.e.m.c.i.embedder.EclipseLogger - Copying 1 resource
2018-10-18 22:33:01,613 [Worker-14: Building workspace] INFO  o.e.m.c.i.embedder.EclipseLogger - Copying 22 resources
2018-10-18 22:33:01,656 [Worker-14: Building workspace] INFO  o.e.m.c.i.embedder.EclipseLogger - Using 'UTF-8' encoding to copy filtered resources.
2018-10-18 22:33:01,656 [Worker-14: Building workspace] INFO  o.e.m.c.i.embedder.EclipseLogger - skip non existing resourceDirectory C:\Users\Lucia\Desktop\Proyecto\Proyecto Productos - copia\CatalogoProductos\src\test\resources
2018-10-18 22:33:23,378 [Worker-11: Building workspace] INFO  o.e.m.c.i.embedder.EclipseLogger - Using 'UTF-8' encoding to copy filtered resources.
2018-10-18 22:33:23,392 [Worker-11: Building workspace] INFO  o.e.m.c.i.embedder.EclipseLogger - Copying 1 resource
2018-10-18 22:33:23,458 [Worker-11: Building workspace] INFO  o.e.m.c.i.embedder.EclipseLogger - Copying 22 resources
2018-10-18 22:33:23,476 [Worker-11: Building workspace] INFO  o.e.m.c.i.embedder.EclipseLogger - Using 'UTF-8' encoding to copy filtered resources.
2018-10-18 22:33:23,477 [Worker-11: Building workspace] INFO  o.e.m.c.i.embedder.EclipseLogger - skip non existing resourceDirectory C:\Users\Lucia\Desktop\Proyecto\Proyecto Productos - copia\CatalogoProductos\src\test\resources
2018-10-18 22:33:29,394 [Worker-0: Building workspace] INFO  o.e.m.c.i.embedder.EclipseLogger - Using 'UTF-8' encoding to copy filtered resources.
2018-10-18 22:33:29,406 [Worker-0: Building workspace] INFO  o.e.m.c.i.embedder.EclipseLogger - Copying 1 resource
2018-10-18 22:33:29,424 [Worker-0: Building workspace] INFO  o.e.m.c.i.embedder.EclipseLogger - Copying 22 resources
2018-10-18 22:33:29,443 [Worker-0: Building workspace] INFO  o.e.m.c.i.embedder.EclipseLogger - Using 'UTF-8' encoding to copy filtered resources.
2018-10-18 22:33:29,444 [Worker-0: Building workspace] INFO  o.e.m.c.i.embedder.EclipseLogger - skip non existing resourceDirectory C:\Users\Lucia\Desktop\Proyecto\Proyecto Productos - copia\CatalogoProductos\src\test\resources
2018-10-18 22:34:23,721 [Worker-13: Building workspace] INFO  o.e.m.c.i.embedder.EclipseLogger - Using 'UTF-8' encoding to copy filtered resources.
2018-10-18 22:34:23,730 [Worker-13: Building workspace] INFO  o.e.m.c.i.embedder.EclipseLogger - Copying 1 resource
2018-10-18 22:34:23,740 [Worker-13: Building workspace] INFO  o.e.m.c.i.embedder.EclipseLogger - Copying 22 resources
2018-10-18 22:34:23,749 [Worker-13: Building workspace] INFO  o.e.m.c.i.embedder.EclipseLogger - Using 'UTF-8' encoding to copy filtered resources.
2018-10-18 22:34:23,750 [Worker-13: Building workspace] INFO  o.e.m.c.i.embedder.EclipseLogger - skip non existing resourceDirectory C:\Users\Lucia\Desktop\Proyecto\Proyecto Productos - copia\CatalogoProductos\src\test\resources
2018-10-18 22:35:10,219 [Worker-8: Building workspace] INFO  o.e.m.c.i.embedder.EclipseLogger - Using 'UTF-8' encoding to copy filtered resources.
2018-10-18 22:35:10,227 [Worker-8: Building workspace] INFO  o.e.m.c.i.embedder.EclipseLogger - Copying 1 resource
2018-10-18 22:35:10,236 [Worker-8: Building workspace] INFO  o.e.m.c.i.embedder.EclipseLogger - Copying 22 resources
2018-10-18 22:35:10,267 [Worker-8: Building workspace] INFO  o.e.m.c.i.embedder.EclipseLogger - Using 'UTF-8' encoding to copy filtered resources.
2018-10-18 22:35:10,267 [Worker-8: Building workspace] INFO  o.e.m.c.i.embedder.EclipseLogger - skip non existing resourceDirectory C:\Users\Lucia\Desktop\Proyecto\Proyecto Productos - copia\CatalogoProductos\src\test\resources
2018-10-18 22:35:29,267 [Worker-8: Building workspace] INFO  o.e.m.c.i.embedder.EclipseLogger - Using 'UTF-8' encoding to copy filtered resources.
2018-10-18 22:35:29,275 [Worker-8: Building workspace] INFO  o.e.m.c.i.embedder.EclipseLogger - Copying 1 resource
2018-10-18 22:35:29,288 [Worker-8: Building workspace] INFO  o.e.m.c.i.embedder.EclipseLogger - Copying 22 resources
2018-10-18 22:35:29,302 [Worker-8: Building workspace] INFO  o.e.m.c.i.embedder.EclipseLogger - Using 'UTF-8' encoding to copy filtered resources.
2018-10-18 22:35:29,303 [Worker-8: Building workspace] INFO  o.e.m.c.i.embedder.EclipseLogger - skip non existing resourceDirectory C:\Users\Lucia\Desktop\Proyecto\Proyecto Productos - copia\CatalogoProductos\src\test\resources
2018-10-18 22:37:27,727 [Worker-1: Building workspace] INFO  o.e.m.c.i.embedder.EclipseLogger - Using 'UTF-8' encoding to copy filtered resources.
2018-10-18 22:37:28,321 [Worker-1: Building workspace] INFO  o.e.m.c.i.embedder.EclipseLogger - Copying 1 resource
2018-10-18 22:37:28,349 [Worker-1: Building workspace] INFO  o.e.m.c.i.embedder.EclipseLogger - Copying 22 resources
2018-10-18 22:37:28,431 [Worker-1: Building workspace] INFO  o.e.m.c.i.embedder.EclipseLogger - Using 'UTF-8' encoding to copy filtered resources.
2018-10-18 22:37:28,431 [Worker-1: Building workspace] INFO  o.e.m.c.i.embedder.EclipseLogger - skip non existing resourceDirectory C:\Users\Lucia\Desktop\Proyecto\Proyecto Productos - copia\CatalogoProductos\src\test\resources
2018-10-18 22:38:18,250 [Worker-8: Building workspace] INFO  o.e.m.c.i.embedder.EclipseLogger - Using 'UTF-8' encoding to copy filtered resources.
2018-10-18 22:38:18,266 [Worker-8: Building workspace] INFO  o.e.m.c.i.embedder.EclipseLogger - Copying 1 resource
2018-10-18 22:38:18,282 [Worker-8: Building workspace] INFO  o.e.m.c.i.embedder.EclipseLogger - Copying 22 resources
2018-10-18 22:38:18,301 [Worker-8: Building workspace] INFO  o.e.m.c.i.embedder.EclipseLogger - Using 'UTF-8' encoding to copy filtered resources.
2018-10-18 22:38:18,301 [Worker-8: Building workspace] INFO  o.e.m.c.i.embedder.EclipseLogger - skip non existing resourceDirectory C:\Users\Lucia\Desktop\Proyecto\Proyecto Productos - copia\CatalogoProductos\src\test\resources
2018-10-18 22:40:55,665 [Worker-12: Building workspace] INFO  o.e.m.c.i.embedder.EclipseLogger - Using 'UTF-8' encoding to copy filtered resources.
2018-10-18 22:40:55,665 [Worker-12: Building workspace] INFO  o.e.m.c.i.embedder.EclipseLogger - Copying 1 resource
2018-10-18 22:40:55,680 [Worker-12: Building workspace] INFO  o.e.m.c.i.embedder.EclipseLogger - Copying 22 resources
2018-10-18 22:40:55,680 [Worker-12: Building workspace] INFO  o.e.m.c.i.embedder.EclipseLogger - Using 'UTF-8' encoding to copy filtered resources.
2018-10-18 22:40:55,680 [Worker-12: Building workspace] INFO  o.e.m.c.i.embedder.EclipseLogger - skip non existing resourceDirectory C:\Users\Lucia\Desktop\Proyecto\Proyecto Productos - copia\CatalogoProductos\src\test\resources
2018-10-18 22:42:00,650 [Worker-15: Building workspace] INFO  o.e.m.c.i.l.LifecycleMappingFactory - Using org.eclipse.m2e.jdt.JarLifecycleMapping lifecycle mapping for MavenProject: com.lbenitez.spring:CatalogoProductos:0.0.1-SNAPSHOT @ C:\Users\Lucia\Desktop\Proyecto\Proyecto Productos - copia\CatalogoProductos\pom.xml.
2018-10-18 22:42:02,398 [Worker-15: Building workspace] INFO  o.e.m.c.i.e.AbstractTransferListenerAdapter - Downloading https://repo.maven.apache.org/maven2/org/jboss/spec/javax/transaction/jboss-transaction-api_1.2_spec/1.0.1.Final/jboss-transaction-api_1.2_spec-1.0.1.Final.pom
2018-10-18 22:42:02,430 [Worker-15: Building workspace] INFO  o.e.m.c.i.e.AbstractTransferListenerAdapter - Downloaded https://repo.maven.apache.org/maven2/org/jboss/spec/javax/transaction/jboss-transaction-api_1.2_spec/1.0.1.Final/jboss-transaction-api_1.2_spec-1.0.1.Final.pom
2018-10-18 22:42:02,471 [Worker-15: Building workspace] INFO  o.e.m.c.i.e.AbstractTransferListenerAdapter - Downloading https://repo.maven.apache.org/maven2/org/jboss/jboss-parent/20/jboss-parent-20.pom
2018-10-18 22:42:02,582 [Worker-15: Building workspace] INFO  o.e.m.c.i.e.AbstractTransferListenerAdapter - Downloaded https://repo.maven.apache.org/maven2/org/jboss/jboss-parent/20/jboss-parent-20.pom
2018-10-18 22:42:03,048 [Worker-15: Building workspace] INFO  o.e.m.c.i.e.AbstractTransferListenerAdapter - Downloading https://repo.maven.apache.org/maven2/org/jboss/spec/javax/transaction/jboss-transaction-api_1.2_spec/1.0.1.Final/jboss-transaction-api_1.2_spec-1.0.1.Final.jar
2018-10-18 22:42:03,095 [Worker-15: Building workspace] INFO  o.e.m.c.i.e.AbstractTransferListenerAdapter - Downloaded https://repo.maven.apache.org/maven2/org/jboss/spec/javax/transaction/jboss-transaction-api_1.2_spec/1.0.1.Final/jboss-transaction-api_1.2_spec-1.0.1.Final.jar
2018-10-18 22:42:04,401 [Worker-15: Building workspace] INFO  o.e.m.c.i.embedder.EclipseLogger - Using 'UTF-8' encoding to copy filtered resources.
2018-10-18 22:42:04,401 [Worker-15: Building workspace] INFO  o.e.m.c.i.embedder.EclipseLogger - Copying 0 resource
2018-10-18 22:42:04,401 [Worker-15: Building workspace] INFO  o.e.m.c.i.embedder.EclipseLogger - Copying 0 resource
2018-10-18 22:42:04,401 [Worker-15: Building workspace] INFO  o.e.m.c.i.embedder.EclipseLogger - Using 'UTF-8' encoding to copy filtered resources.
2018-10-18 22:42:04,401 [Worker-15: Building workspace] INFO  o.e.m.c.i.embedder.EclipseLogger - skip non existing resourceDirectory C:\Users\Lucia\Desktop\Proyecto\Proyecto Productos - copia\CatalogoProductos\src\test\resources
2018-10-18 22:42:05,731 [Worker-3: Download sources and javadoc] INFO  o.e.m.c.i.e.AbstractTransferListenerAdapter - Downloading https://repo.maven.apache.org/maven2/org/jboss/spec/javax/transaction/jboss-transaction-api_1.2_spec/1.0.1.Final/jboss-transaction-api_1.2_spec-1.0.1.Final-sources.jar
2018-10-18 22:42:05,854 [Worker-3: Download sources and javadoc] INFO  o.e.m.c.i.e.AbstractTransferListenerAdapter - Downloaded https://repo.maven.apache.org/maven2/org/jboss/spec/javax/transaction/jboss-transaction-api_1.2_spec/1.0.1.Final/jboss-transaction-api_1.2_spec-1.0.1.Final-sources.jar
2018-10-18 22:42:05,965 [Worker-3: Download sources and javadoc] INFO  o.e.m.j.internal.DownloadSourcesJob - Downloaded sources for org.jboss.spec.javax.transaction:jboss-transaction-api_1.2_spec:1.0.1.Final
2018-10-18 22:42:09,816 [Worker-17: Building workspace] INFO  o.e.m.c.i.embedder.EclipseLogger - Using 'UTF-8' encoding to copy filtered resources.
2018-10-18 22:42:09,826 [Worker-17: Building workspace] INFO  o.e.m.c.i.embedder.EclipseLogger - Copying 1 resource
2018-10-18 22:42:09,857 [Worker-17: Building workspace] INFO  o.e.m.c.i.embedder.EclipseLogger - Copying 22 resources
2018-10-18 22:42:10,991 [Worker-17: Building workspace] INFO  o.e.m.c.i.embedder.EclipseLogger - Using 'UTF-8' encoding to copy filtered resources.
2018-10-18 22:42:10,991 [Worker-17: Building workspace] INFO  o.e.m.c.i.embedder.EclipseLogger - skip non existing resourceDirectory C:\Users\Lucia\Desktop\Proyecto\Proyecto Productos - copia\CatalogoProductos\src\test\resources
2018-10-18 22:43:40,949 [Worker-12: Building workspace] INFO  o.e.m.c.i.embedder.EclipseLogger - Using 'UTF-8' encoding to copy filtered resources.
2018-10-18 22:43:40,965 [Worker-12: Building workspace] INFO  o.e.m.c.i.embedder.EclipseLogger - Copying 1 resource
2018-10-18 22:43:40,965 [Worker-12: Building workspace] INFO  o.e.m.c.i.embedder.EclipseLogger - Copying 0 resource
2018-10-18 22:43:40,965 [Worker-12: Building workspace] INFO  o.e.m.c.i.embedder.EclipseLogger - Using 'UTF-8' encoding to copy filtered resources.
2018-10-18 22:43:40,965 [Worker-12: Building workspace] INFO  o.e.m.c.i.embedder.EclipseLogger - skip non existing resourceDirectory C:\Users\Lucia\Desktop\Proyecto\Proyecto Productos - copia\CatalogoProductos\src\test\resources
2018-10-18 22:45:20,834 [Worker-12: Building workspace] INFO  o.e.m.c.i.embedder.EclipseLogger - Using 'UTF-8' encoding to copy filtered resources.
2018-10-18 22:45:20,834 [Worker-12: Building workspace] INFO  o.e.m.c.i.embedder.EclipseLogger - Copying 0 resource
2018-10-18 22:45:20,834 [Worker-12: Building workspace] INFO  o.e.m.c.i.embedder.EclipseLogger - Copying 0 resource
2018-10-18 22:45:20,849 [Worker-12: Building workspace] INFO  o.e.m.c.i.embedder.EclipseLogger - Using 'UTF-8' encoding to copy filtered resources.
2018-10-18 22:45:20,849 [Worker-12: Building workspace] INFO  o.e.m.c.i.embedder.EclipseLogger - skip non existing resourceDirectory C:\Users\Lucia\Desktop\Proyecto\Proyecto Productos - copia\CatalogoProductos\src\test\resources
2018-10-18 22:45:32,408 [Worker-15: Building workspace] INFO  o.e.m.c.i.embedder.EclipseLogger - Using 'UTF-8' encoding to copy filtered resources.
2018-10-18 22:45:32,417 [Worker-15: Building workspace] INFO  o.e.m.c.i.embedder.EclipseLogger - Copying 1 resource
2018-10-18 22:45:32,426 [Worker-15: Building workspace] INFO  o.e.m.c.i.embedder.EclipseLogger - Copying 21 resources
2018-10-18 22:45:32,442 [Worker-15: Building workspace] INFO  o.e.m.c.i.embedder.EclipseLogger - Using 'UTF-8' encoding to copy filtered resources.
2018-10-18 22:45:32,442 [Worker-15: Building workspace] INFO  o.e.m.c.i.embedder.EclipseLogger - skip non existing resourceDirectory C:\Users\Lucia\Desktop\Proyecto\Proyecto Productos - copia\CatalogoProductos\src\test\resources
2018-10-18 22:49:50,496 [Worker-11: Building workspace] INFO  o.e.m.c.i.embedder.EclipseLogger - Using 'UTF-8' encoding to copy filtered resources.
2018-10-18 22:49:50,506 [Worker-11: Building workspace] INFO  o.e.m.c.i.embedder.EclipseLogger - Copying 1 resource
2018-10-18 22:49:50,514 [Worker-11: Building workspace] INFO  o.e.m.c.i.embedder.EclipseLogger - Copying 21 resources
2018-10-18 22:49:50,526 [Worker-11: Building workspace] INFO  o.e.m.c.i.embedder.EclipseLogger - Using 'UTF-8' encoding to copy filtered resources.
2018-10-18 22:49:50,526 [Worker-11: Building workspace] INFO  o.e.m.c.i.embedder.EclipseLogger - skip non existing resourceDirectory C:\Users\Lucia\Desktop\Proyecto\Proyecto Productos - copia\CatalogoProductos\src\test\resources
2018-10-18 22:52:16,649 [Worker-16: Building workspace] INFO  o.e.m.c.i.embedder.EclipseLogger - Using 'UTF-8' encoding to copy filtered resources.
2018-10-18 22:52:16,649 [Worker-16: Building workspace] INFO  o.e.m.c.i.embedder.EclipseLogger - Copying 0 resource
2018-10-18 22:52:16,649 [Worker-16: Building workspace] INFO  o.e.m.c.i.embedder.EclipseLogger - Copying 1 resource
2018-10-18 22:52:16,681 [Worker-16: Building workspace] INFO  o.e.m.c.i.embedder.EclipseLogger - Using 'UTF-8' encoding to copy filtered resources.
2018-10-18 22:52:16,681 [Worker-16: Building workspace] INFO  o.e.m.c.i.embedder.EclipseLogger - skip non existing resourceDirectory C:\Users\Lucia\Desktop\Proyecto\Proyecto Productos - copia\CatalogoProductos\src\test\resources
2018-10-18 22:56:51,532 [Worker-17: Building workspace] INFO  o.e.m.c.i.embedder.EclipseLogger - Using 'UTF-8' encoding to copy filtered resources.
2018-10-18 22:56:51,533 [Worker-17: Building workspace] INFO  o.e.m.c.i.embedder.EclipseLogger - Copying 0 resource
2018-10-18 22:56:51,534 [Worker-17: Building workspace] INFO  o.e.m.c.i.embedder.EclipseLogger - Copying 1 resource
2018-10-18 22:56:51,572 [Worker-17: Building workspace] INFO  o.e.m.c.i.embedder.EclipseLogger - Using 'UTF-8' encoding to copy filtered resources.
2018-10-18 22:56:51,572 [Worker-17: Building workspace] INFO  o.e.m.c.i.embedder.EclipseLogger - skip non existing resourceDirectory C:\Users\Lucia\Desktop\Proyecto\Proyecto Productos - copia\CatalogoProductos\src\test\resources
2018-10-18 23:00:04,536 [Worker-16: Building workspace] INFO  o.e.m.c.i.embedder.EclipseLogger - Using 'UTF-8' encoding to copy filtered resources.
2018-10-18 23:00:04,656 [Worker-16: Building workspace] INFO  o.e.m.c.i.embedder.EclipseLogger - Copying 1 resource
2018-10-18 23:00:04,666 [Worker-16: Building workspace] INFO  o.e.m.c.i.embedder.EclipseLogger - Copying 21 resources
2018-10-18 23:00:04,717 [Worker-16: Building workspace] INFO  o.e.m.c.i.embedder.EclipseLogger - Using 'UTF-8' encoding to copy filtered resources.
2018-10-18 23:00:04,717 [Worker-16: Building workspace] INFO  o.e.m.c.i.embedder.EclipseLogger - skip non existing resourceDirectory C:\Users\Lucia\Desktop\Proyecto\Proyecto Productos - copia\CatalogoProductos\src\test\resources
2018-10-18 23:02:17,067 [Worker-22: Building workspace] INFO  o.e.m.c.i.embedder.EclipseLogger - Using 'UTF-8' encoding to copy filtered resources.
2018-10-18 23:02:17,067 [Worker-22: Building workspace] INFO  o.e.m.c.i.embedder.EclipseLogger - Copying 0 resource
2018-10-18 23:02:17,067 [Worker-22: Building workspace] INFO  o.e.m.c.i.embedder.EclipseLogger - Copying 1 resource
2018-10-18 23:02:17,089 [Worker-22: Building workspace] INFO  o.e.m.c.i.embedder.EclipseLogger - Using 'UTF-8' encoding to copy filtered resources.
2018-10-18 23:02:17,089 [Worker-22: Building workspace] INFO  o.e.m.c.i.embedder.EclipseLogger - skip non existing resourceDirectory C:\Users\Lucia\Desktop\Proyecto\Proyecto Productos - copia\CatalogoProductos\src\test\resources
2018-10-18 23:04:05,521 [Worker-24: Building workspace] INFO  o.e.m.c.i.embedder.EclipseLogger - Using 'UTF-8' encoding to copy filtered resources.
2018-10-18 23:04:05,521 [Worker-24: Building workspace] INFO  o.e.m.c.i.embedder.EclipseLogger - Copying 0 resource
2018-10-18 23:04:05,521 [Worker-24: Building workspace] INFO  o.e.m.c.i.embedder.EclipseLogger - Copying 1 resource
2018-10-18 23:04:05,559 [Worker-24: Building workspace] INFO  o.e.m.c.i.embedder.EclipseLogger - Using 'UTF-8' encoding to copy filtered resources.
2018-10-18 23:04:05,559 [Worker-24: Building workspace] INFO  o.e.m.c.i.embedder.EclipseLogger - skip non existing resourceDirectory C:\Users\Lucia\Desktop\Proyecto\Proyecto Productos - copia\CatalogoProductos\src\test\resources
2018-10-18 23:06:44,723 [Worker-18: Building workspace] INFO  o.e.m.c.i.embedder.EclipseLogger - Using 'UTF-8' encoding to copy filtered resources.
2018-10-18 23:06:44,739 [Worker-18: Building workspace] INFO  o.e.m.c.i.embedder.EclipseLogger - Copying 0 resource
2018-10-18 23:06:44,739 [Worker-18: Building workspace] INFO  o.e.m.c.i.embedder.EclipseLogger - Copying 4 resources
2018-10-18 23:06:44,845 [Worker-18: Building workspace] INFO  o.e.m.c.i.embedder.EclipseLogger - Using 'UTF-8' encoding to copy filtered resources.
2018-10-18 23:06:44,845 [Worker-18: Building workspace] INFO  o.e.m.c.i.embedder.EclipseLogger - skip non existing resourceDirectory C:\Users\Lucia\Desktop\Proyecto\Proyecto Productos - copia\CatalogoProductos\src\test\resources
2018-10-18 23:08:01,329 [Worker-18: Building workspace] INFO  o.e.m.c.i.embedder.EclipseLogger - Using 'UTF-8' encoding to copy filtered resources.
2018-10-18 23:08:01,430 [Worker-18: Building workspace] INFO  o.e.m.c.i.embedder.EclipseLogger - Copying 1 resource
2018-10-18 23:08:01,460 [Worker-18: Building workspace] INFO  o.e.m.c.i.embedder.EclipseLogger - Copying 21 resources
2018-10-18 23:08:01,470 [Worker-18: Building workspace] INFO  o.e.m.c.i.embedder.EclipseLogger - Using 'UTF-8' encoding to copy filtered resources.
2018-10-18 23:08:01,470 [Worker-18: Building workspace] INFO  o.e.m.c.i.embedder.EclipseLogger - skip non existing resourceDirectory C:\Users\Lucia\Desktop\Proyecto\Proyecto Productos - copia\CatalogoProductos\src\test\resources
2018-10-18 23:09:38,199 [Worker-20: Building workspace] INFO  o.e.m.c.i.embedder.EclipseLogger - Using 'UTF-8' encoding to copy filtered resources.
2018-10-18 23:09:38,199 [Worker-20: Building workspace] INFO  o.e.m.c.i.embedder.EclipseLogger - Copying 0 resource
2018-10-18 23:09:38,200 [Worker-20: Building workspace] INFO  o.e.m.c.i.embedder.EclipseLogger - Copying 1 resource
2018-10-18 23:09:38,210 [Worker-20: Building workspace] INFO  o.e.m.c.i.embedder.EclipseLogger - Using 'UTF-8' encoding to copy filtered resources.
2018-10-18 23:09:38,211 [Worker-20: Building workspace] INFO  o.e.m.c.i.embedder.EclipseLogger - skip non existing resourceDirectory C:\Users\Lucia\Desktop\Proyecto\Proyecto Productos - copia\CatalogoProductos\src\test\resources
2018-10-18 23:11:54,161 [Worker-17: Building workspace] INFO  o.e.m.c.i.embedder.EclipseLogger - Using 'UTF-8' encoding to copy filtered resources.
2018-10-18 23:11:54,161 [Worker-17: Building workspace] INFO  o.e.m.c.i.embedder.EclipseLogger - Copying 0 resource
2018-10-18 23:11:54,161 [Worker-17: Building workspace] INFO  o.e.m.c.i.embedder.EclipseLogger - Copying 1 resource
2018-10-18 23:11:54,230 [Worker-17: Building workspace] INFO  o.e.m.c.i.embedder.EclipseLogger - Using 'UTF-8' encoding to copy filtered resources.
2018-10-18 23:11:54,230 [Worker-17: Building workspace] INFO  o.e.m.c.i.embedder.EclipseLogger - skip non existing resourceDirectory C:\Users\Lucia\Desktop\Proyecto\Proyecto Productos - copia\CatalogoProductos\src\test\resources
2018-10-18 23:13:13,564 [Worker-25: Building workspace] INFO  o.e.m.c.i.embedder.EclipseLogger - Using 'UTF-8' encoding to copy filtered resources.
2018-10-18 23:13:13,564 [Worker-25: Building workspace] INFO  o.e.m.c.i.embedder.EclipseLogger - Copying 0 resource
2018-10-18 23:13:13,564 [Worker-25: Building workspace] INFO  o.e.m.c.i.embedder.EclipseLogger - Copying 1 resource
2018-10-18 23:13:13,564 [Worker-25: Building workspace] INFO  o.e.m.c.i.embedder.EclipseLogger - Using 'UTF-8' encoding to copy filtered resources.
2018-10-18 23:13:13,564 [Worker-25: Building workspace] INFO  o.e.m.c.i.embedder.EclipseLogger - skip non existing resourceDirectory C:\Users\Lucia\Desktop\Proyecto\Proyecto Productos - copia\CatalogoProductos\src\test\resources
2018-10-18 23:15:20,376 [Worker-24: Building workspace] INFO  o.e.m.c.i.embedder.EclipseLogger - Using 'UTF-8' encoding to copy filtered resources.
2018-10-18 23:15:20,391 [Worker-24: Building workspace] INFO  o.e.m.c.i.embedder.EclipseLogger - Copying 0 resource
2018-10-18 23:15:20,391 [Worker-24: Building workspace] INFO  o.e.m.c.i.embedder.EclipseLogger - Copying 1 resource
2018-10-18 23:15:20,407 [Worker-24: Building workspace] INFO  o.e.m.c.i.embedder.EclipseLogger - Using 'UTF-8' encoding to copy filtered resources.
2018-10-18 23:15:20,407 [Worker-24: Building workspace] INFO  o.e.m.c.i.embedder.EclipseLogger - skip non existing resourceDirectory C:\Users\Lucia\Desktop\Proyecto\Proyecto Productos - copia\CatalogoProductos\src\test\resources
2018-10-18 23:15:39,856 [Worker-27: Building workspace] INFO  o.e.m.c.i.embedder.EclipseLogger - Using 'UTF-8' encoding to copy filtered resources.
2018-10-18 23:15:39,890 [Worker-27: Building workspace] INFO  o.e.m.c.i.embedder.EclipseLogger - Copying 0 resource
2018-10-18 23:15:39,890 [Worker-27: Building workspace] INFO  o.e.m.c.i.embedder.EclipseLogger - Copying 1 resource
2018-10-18 23:15:39,911 [Worker-27: Building workspace] INFO  o.e.m.c.i.embedder.EclipseLogger - Using 'UTF-8' encoding to copy filtered resources.
2018-10-18 23:15:39,911 [Worker-27: Building workspace] INFO  o.e.m.c.i.embedder.EclipseLogger - skip non existing resourceDirectory C:\Users\Lucia\Desktop\Proyecto\Proyecto Productos - copia\CatalogoProductos\src\test\resources
2018-10-18 23:16:39,535 [Worker-17: Building workspace] INFO  o.e.m.c.i.embedder.EclipseLogger - Using 'UTF-8' encoding to copy filtered resources.
2018-10-18 23:16:39,535 [Worker-17: Building workspace] INFO  o.e.m.c.i.embedder.EclipseLogger - Copying 0 resource
2018-10-18 23:16:39,535 [Worker-17: Building workspace] INFO  o.e.m.c.i.embedder.EclipseLogger - Copying 1 resource
2018-10-18 23:16:39,535 [Worker-17: Building workspace] INFO  o.e.m.c.i.embedder.EclipseLogger - Using 'UTF-8' encoding to copy filtered resources.
2018-10-18 23:16:39,535 [Worker-17: Building workspace] INFO  o.e.m.c.i.embedder.EclipseLogger - skip non existing resourceDirectory C:\Users\Lucia\Desktop\Proyecto\Proyecto Productos - copia\CatalogoProductos\src\test\resources
2018-10-18 23:16:47,803 [Worker-30: Building workspace] INFO  o.e.m.c.i.embedder.EclipseLogger - Using 'UTF-8' encoding to copy filtered resources.
2018-10-18 23:16:47,803 [Worker-30: Building workspace] INFO  o.e.m.c.i.embedder.EclipseLogger - Copying 0 resource
2018-10-18 23:16:47,803 [Worker-30: Building workspace] INFO  o.e.m.c.i.embedder.EclipseLogger - Copying 1 resource
2018-10-18 23:16:47,825 [Worker-30: Building workspace] INFO  o.e.m.c.i.embedder.EclipseLogger - Using 'UTF-8' encoding to copy filtered resources.
2018-10-18 23:16:47,825 [Worker-30: Building workspace] INFO  o.e.m.c.i.embedder.EclipseLogger - skip non existing resourceDirectory C:\Users\Lucia\Desktop\Proyecto\Proyecto Productos - copia\CatalogoProductos\src\test\resources
2018-10-18 23:18:49,836 [Worker-30: Building workspace] INFO  o.e.m.c.i.embedder.EclipseLogger - Using 'UTF-8' encoding to copy filtered resources.
2018-10-18 23:18:49,838 [Worker-30: Building workspace] INFO  o.e.m.c.i.embedder.EclipseLogger - Copying 0 resource
2018-10-18 23:18:49,840 [Worker-30: Building workspace] INFO  o.e.m.c.i.embedder.EclipseLogger - Copying 1 resource
2018-10-18 23:18:49,865 [Worker-30: Building workspace] INFO  o.e.m.c.i.embedder.EclipseLogger - Using 'UTF-8' encoding to copy filtered resources.
2018-10-18 23:18:49,865 [Worker-30: Building workspace] INFO  o.e.m.c.i.embedder.EclipseLogger - skip non existing resourceDirectory C:\Users\Lucia\Desktop\Proyecto\Proyecto Productos - copia\CatalogoProductos\src\test\resources
2018-10-18 23:19:02,206 [Worker-29: Building workspace] INFO  o.e.m.c.i.embedder.EclipseLogger - Using 'UTF-8' encoding to copy filtered resources.
2018-10-18 23:19:02,206 [Worker-29: Building workspace] INFO  o.e.m.c.i.embedder.EclipseLogger - Copying 0 resource
2018-10-18 23:19:02,206 [Worker-29: Building workspace] INFO  o.e.m.c.i.embedder.EclipseLogger - Copying 1 resource
2018-10-18 23:19:02,206 [Worker-29: Building workspace] INFO  o.e.m.c.i.embedder.EclipseLogger - Using 'UTF-8' encoding to copy filtered resources.
2018-10-18 23:19:02,206 [Worker-29: Building workspace] INFO  o.e.m.c.i.embedder.EclipseLogger - skip non existing resourceDirectory C:\Users\Lucia\Desktop\Proyecto\Proyecto Productos - copia\CatalogoProductos\src\test\resources
2018-10-18 23:19:42,523 [Worker-24: Building workspace] INFO  o.e.m.c.i.embedder.EclipseLogger - Using 'UTF-8' encoding to copy filtered resources.
2018-10-18 23:19:42,544 [Worker-24: Building workspace] INFO  o.e.m.c.i.embedder.EclipseLogger - Copying 1 resource
2018-10-18 23:19:42,544 [Worker-24: Building workspace] INFO  o.e.m.c.i.embedder.EclipseLogger - Copying 21 resources
2018-10-18 23:19:42,544 [Worker-24: Building workspace] INFO  o.e.m.c.i.embedder.EclipseLogger - Using 'UTF-8' encoding to copy filtered resources.
2018-10-18 23:19:42,544 [Worker-24: Building workspace] INFO  o.e.m.c.i.embedder.EclipseLogger - skip non existing resourceDirectory C:\Users\Lucia\Desktop\Proyecto\Proyecto Productos - copia\CatalogoProductos\src\test\resources
2018-10-18 23:19:54,930 [Worker-27: Building workspace] INFO  o.e.m.c.i.embedder.EclipseLogger - Using 'UTF-8' encoding to copy filtered resources.
2018-10-18 23:19:54,937 [Worker-27: Building workspace] INFO  o.e.m.c.i.embedder.EclipseLogger - Copying 1 resource
2018-10-18 23:19:54,965 [Worker-27: Building workspace] INFO  o.e.m.c.i.embedder.EclipseLogger - Copying 21 resources
2018-10-18 23:19:54,979 [Worker-27: Building workspace] INFO  o.e.m.c.i.embedder.EclipseLogger - Using 'UTF-8' encoding to copy filtered resources.
2018-10-18 23:19:54,980 [Worker-27: Building workspace] INFO  o.e.m.c.i.embedder.EclipseLogger - skip non existing resourceDirectory C:\Users\Lucia\Desktop\Proyecto\Proyecto Productos - copia\CatalogoProductos\src\test\resources
2018-10-18 23:21:16,018 [Worker-30: Building workspace] INFO  o.e.m.c.i.embedder.EclipseLogger - Using 'UTF-8' encoding to copy filtered resources.
2018-10-18 23:21:16,018 [Worker-30: Building workspace] INFO  o.e.m.c.i.embedder.EclipseLogger - Copying 0 resource
2018-10-18 23:21:16,018 [Worker-30: Building workspace] INFO  o.e.m.c.i.embedder.EclipseLogger - Copying 1 resource
2018-10-18 23:21:16,018 [Worker-30: Building workspace] INFO  o.e.m.c.i.embedder.EclipseLogger - Using 'UTF-8' encoding to copy filtered resources.
2018-10-18 23:21:16,018 [Worker-30: Building workspace] INFO  o.e.m.c.i.embedder.EclipseLogger - skip non existing resourceDirectory C:\Users\Lucia\Desktop\Proyecto\Proyecto Productos - copia\CatalogoProductos\src\test\resources
2018-10-18 23:24:49,636 [Worker-32: Building workspace] INFO  o.e.m.c.i.embedder.EclipseLogger - Using 'UTF-8' encoding to copy filtered resources.
2018-10-18 23:24:49,636 [Worker-32: Building workspace] INFO  o.e.m.c.i.embedder.EclipseLogger - Copying 0 resource
2018-10-18 23:24:49,636 [Worker-32: Building workspace] INFO  o.e.m.c.i.embedder.EclipseLogger - Copying 1 resource
2018-10-18 23:24:49,668 [Worker-32: Building workspace] INFO  o.e.m.c.i.embedder.EclipseLogger - Using 'UTF-8' encoding to copy filtered resources.
2018-10-18 23:24:49,668 [Worker-32: Building workspace] INFO  o.e.m.c.i.embedder.EclipseLogger - skip non existing resourceDirectory C:\Users\Lucia\Desktop\Proyecto\Proyecto Productos - copia\CatalogoProductos\src\test\resources
2018-10-18 23:26:15,652 [Worker-24: Building workspace] INFO  o.e.m.c.i.embedder.EclipseLogger - Using 'UTF-8' encoding to copy filtered resources.
2018-10-18 23:26:15,652 [Worker-24: Building workspace] INFO  o.e.m.c.i.embedder.EclipseLogger - Copying 0 resource
2018-10-18 23:26:15,653 [Worker-24: Building workspace] INFO  o.e.m.c.i.embedder.EclipseLogger - Copying 1 resource
2018-10-18 23:26:15,659 [Worker-24: Building workspace] INFO  o.e.m.c.i.embedder.EclipseLogger - Using 'UTF-8' encoding to copy filtered resources.
2018-10-18 23:26:15,660 [Worker-24: Building workspace] INFO  o.e.m.c.i.embedder.EclipseLogger - skip non existing resourceDirectory C:\Users\Lucia\Desktop\Proyecto\Proyecto Productos - copia\CatalogoProductos\src\test\resources
2018-10-18 23:30:01,257 [Worker-34: Building workspace] INFO  o.e.m.c.i.embedder.EclipseLogger - Using 'UTF-8' encoding to copy filtered resources.
2018-10-18 23:30:01,257 [Worker-34: Building workspace] INFO  o.e.m.c.i.embedder.EclipseLogger - Copying 0 resource
2018-10-18 23:30:01,257 [Worker-34: Building workspace] INFO  o.e.m.c.i.embedder.EclipseLogger - Copying 1 resource
2018-10-18 23:30:01,273 [Worker-34: Building workspace] INFO  o.e.m.c.i.embedder.EclipseLogger - Using 'UTF-8' encoding to copy filtered resources.
2018-10-18 23:30:01,273 [Worker-34: Building workspace] INFO  o.e.m.c.i.embedder.EclipseLogger - skip non existing resourceDirectory C:\Users\Lucia\Desktop\Proyecto\Proyecto Productos - copia\CatalogoProductos\src\test\resources
2018-10-18 23:31:47,604 [Worker-24: Building workspace] INFO  o.e.m.c.i.embedder.EclipseLogger - Using 'UTF-8' encoding to copy filtered resources.
2018-10-18 23:31:47,604 [Worker-24: Building workspace] INFO  o.e.m.c.i.embedder.EclipseLogger - Copying 0 resource
2018-10-18 23:31:47,604 [Worker-24: Building workspace] INFO  o.e.m.c.i.embedder.EclipseLogger - Copying 1 resource
2018-10-18 23:31:47,620 [Worker-24: Building workspace] INFO  o.e.m.c.i.embedder.EclipseLogger - Using 'UTF-8' encoding to copy filtered resources.
2018-10-18 23:31:47,620 [Worker-24: Building workspace] INFO  o.e.m.c.i.embedder.EclipseLogger - skip non existing resourceDirectory C:\Users\Lucia\Desktop\Proyecto\Proyecto Productos - copia\CatalogoProductos\src\test\resources
2018-10-18 23:47:30,456 [Worker-43: Building workspace] INFO  o.e.m.c.i.embedder.EclipseLogger - Using 'UTF-8' encoding to copy filtered resources.
2018-10-18 23:47:30,459 [Worker-43: Building workspace] INFO  o.e.m.c.i.embedder.EclipseLogger - Copying 0 resource
2018-10-18 23:47:30,459 [Worker-43: Building workspace] INFO  o.e.m.c.i.embedder.EclipseLogger - Copying 1 resource
2018-10-18 23:47:30,468 [Worker-43: Building workspace] INFO  o.e.m.c.i.embedder.EclipseLogger - Using 'UTF-8' encoding to copy filtered resources.
2018-10-18 23:47:30,469 [Worker-43: Building workspace] INFO  o.e.m.c.i.embedder.EclipseLogger - skip non existing resourceDirectory C:\Users\Lucia\Desktop\Proyecto\Proyecto Productos - copia\CatalogoProductos\src\test\resources
2018-10-18 23:48:33,635 [Worker-38: Launching CatalogoProductos - CatalogoProductosApplication] INFO  o.e.m.c.i.embedder.EclipseLogger - Using 'UTF-8' encoding to copy filtered resources.
2018-10-18 23:48:33,636 [Worker-38: Launching CatalogoProductos - CatalogoProductosApplication] INFO  o.e.m.c.i.embedder.EclipseLogger - Copying 0 resource
2018-10-18 23:48:33,637 [Worker-38: Launching CatalogoProductos - CatalogoProductosApplication] INFO  o.e.m.c.i.embedder.EclipseLogger - Copying 1 resource
2018-10-18 23:48:33,644 [Worker-38: Launching CatalogoProductos - CatalogoProductosApplication] INFO  o.e.m.c.i.embedder.EclipseLogger - Using 'UTF-8' encoding to copy filtered resources.
2018-10-18 23:48:33,644 [Worker-38: Launching CatalogoProductos - CatalogoProductosApplication] INFO  o.e.m.c.i.embedder.EclipseLogger - skip non existing resourceDirectory C:\Users\Lucia\Desktop\Proyecto\Proyecto Productos - copia\CatalogoProductos\src\test\resources
2018-10-18 23:50:31,641 [Worker-39: Building workspace] INFO  o.e.m.c.i.embedder.EclipseLogger - Using 'UTF-8' encoding to copy filtered resources.
2018-10-18 23:50:31,656 [Worker-39: Building workspace] INFO  o.e.m.c.i.embedder.EclipseLogger - Copying 1 resource
2018-10-18 23:50:31,678 [Worker-39: Building workspace] INFO  o.e.m.c.i.embedder.EclipseLogger - Copying 21 resources
2018-10-18 23:50:31,678 [Worker-39: Building workspace] INFO  o.e.m.c.i.embedder.EclipseLogger - Using 'UTF-8' encoding to copy filtered resources.
2018-10-18 23:50:31,678 [Worker-39: Building workspace] INFO  o.e.m.c.i.embedder.EclipseLogger - skip non existing resourceDirectory C:\Users\Lucia\Desktop\Proyecto\Proyecto Productos - copia\CatalogoProductos\src\test\resources
2018-10-18 23:51:09,944 [Worker-38: Building workspace] INFO  o.e.m.c.i.embedder.EclipseLogger - Using 'UTF-8' encoding to copy filtered resources.
2018-10-18 23:51:09,944 [Worker-38: Building workspace] INFO  o.e.m.c.i.embedder.EclipseLogger - Copying 0 resource
2018-10-18 23:51:09,944 [Worker-38: Building workspace] INFO  o.e.m.c.i.embedder.EclipseLogger - Copying 1 resource
2018-10-18 23:51:09,976 [Worker-38: Building workspace] INFO  o.e.m.c.i.embedder.EclipseLogger - Using 'UTF-8' encoding to copy filtered resources.
2018-10-18 23:51:09,976 [Worker-38: Building workspace] INFO  o.e.m.c.i.embedder.EclipseLogger - skip non existing resourceDirectory C:\Users\Lucia\Desktop\Proyecto\Proyecto Productos - copia\CatalogoProductos\src\test\resources
2018-10-18 23:51:27,882 [Worker-39: Building workspace] INFO  o.e.m.c.i.embedder.EclipseLogger - Using 'UTF-8' encoding to copy filtered resources.
2018-10-18 23:51:27,882 [Worker-39: Building workspace] INFO  o.e.m.c.i.embedder.EclipseLogger - Copying 0 resource
2018-10-18 23:51:27,882 [Worker-39: Building workspace] INFO  o.e.m.c.i.embedder.EclipseLogger - Copying 1 resource
2018-10-18 23:51:27,897 [Worker-39: Building workspace] INFO  o.e.m.c.i.embedder.EclipseLogger - Using 'UTF-8' encoding to copy filtered resources.
2018-10-18 23:51:27,897 [Worker-39: Building workspace] INFO  o.e.m.c.i.embedder.EclipseLogger - skip non existing resourceDirectory C:\Users\Lucia\Desktop\Proyecto\Proyecto Productos - copia\CatalogoProductos\src\test\resources
2018-10-18 23:53:38,546 [Worker-41: Building workspace] INFO  o.e.m.c.i.embedder.EclipseLogger - Using 'UTF-8' encoding to copy filtered resources.
2018-10-18 23:53:38,546 [Worker-41: Building workspace] INFO  o.e.m.c.i.embedder.EclipseLogger - Copying 1 resource
2018-10-18 23:53:38,562 [Worker-41: Building workspace] INFO  o.e.m.c.i.embedder.EclipseLogger - Copying 21 resources
2018-10-18 23:53:38,562 [Worker-41: Building workspace] INFO  o.e.m.c.i.embedder.EclipseLogger - Using 'UTF-8' encoding to copy filtered resources.
2018-10-18 23:53:38,562 [Worker-41: Building workspace] INFO  o.e.m.c.i.embedder.EclipseLogger - skip non existing resourceDirectory C:\Users\Lucia\Desktop\Proyecto\Proyecto Productos - copia\CatalogoProductos\src\test\resources
2018-10-18 23:58:03,692 [Worker-44: Building workspace] INFO  o.e.m.c.i.embedder.EclipseLogger - Using 'UTF-8' encoding to copy filtered resources.
2018-10-18 23:58:03,692 [Worker-44: Building workspace] INFO  o.e.m.c.i.embedder.EclipseLogger - Copying 0 resource
2018-10-18 23:58:03,692 [Worker-44: Building workspace] INFO  o.e.m.c.i.embedder.EclipseLogger - Copying 1 resource
2018-10-18 23:58:03,692 [Worker-44: Building workspace] INFO  o.e.m.c.i.embedder.EclipseLogger - Using 'UTF-8' encoding to copy filtered resources.
2018-10-18 23:58:03,692 [Worker-44: Building workspace] INFO  o.e.m.c.i.embedder.EclipseLogger - skip non existing resourceDirectory C:\Users\Lucia\Desktop\Proyecto\Proyecto Productos - copia\CatalogoProductos\src\test\resources
2018-10-19 00:01:24,585 [Worker-46: Building workspace] INFO  o.e.m.c.i.embedder.EclipseLogger - Using 'UTF-8' encoding to copy filtered resources.
2018-10-19 00:01:24,595 [Worker-46: Building workspace] INFO  o.e.m.c.i.embedder.EclipseLogger - Copying 1 resource
2018-10-19 00:01:24,595 [Worker-46: Building workspace] INFO  o.e.m.c.i.embedder.EclipseLogger - Copying 21 resources
2018-10-19 00:01:24,610 [Worker-46: Building workspace] INFO  o.e.m.c.i.embedder.EclipseLogger - Using 'UTF-8' encoding to copy filtered resources.
2018-10-19 00:01:24,610 [Worker-46: Building workspace] INFO  o.e.m.c.i.embedder.EclipseLogger - skip non existing resourceDirectory C:\Users\Lucia\Desktop\Proyecto\Proyecto Productos - copia\CatalogoProductos\src\test\resources
2018-10-19 00:02:39,557 [Worker-44: Building workspace] INFO  o.e.m.c.i.embedder.EclipseLogger - Using 'UTF-8' encoding to copy filtered resources.
2018-10-19 00:02:39,557 [Worker-44: Building workspace] INFO  o.e.m.c.i.embedder.EclipseLogger - Copying 0 resource
2018-10-19 00:02:39,557 [Worker-44: Building workspace] INFO  o.e.m.c.i.embedder.EclipseLogger - Copying 1 resource
2018-10-19 00:02:39,557 [Worker-44: Building workspace] INFO  o.e.m.c.i.embedder.EclipseLogger - Using 'UTF-8' encoding to copy filtered resources.
2018-10-19 00:02:39,557 [Worker-44: Building workspace] INFO  o.e.m.c.i.embedder.EclipseLogger - skip non existing resourceDirectory C:\Users\Lucia\Desktop\Proyecto\Proyecto Productos - copia\CatalogoProductos\src\test\resources
2018-10-19 00:02:56,966 [Worker-48: Building workspace] INFO  o.e.m.c.i.embedder.EclipseLogger - Using 'UTF-8' encoding to copy filtered resources.
2018-10-19 00:02:56,966 [Worker-48: Building workspace] INFO  o.e.m.c.i.embedder.EclipseLogger - Copying 0 resource
2018-10-19 00:02:56,966 [Worker-48: Building workspace] INFO  o.e.m.c.i.embedder.EclipseLogger - Copying 1 resource
2018-10-19 00:02:56,981 [Worker-48: Building workspace] INFO  o.e.m.c.i.embedder.EclipseLogger - Using 'UTF-8' encoding to copy filtered resources.
2018-10-19 00:02:56,981 [Worker-48: Building workspace] INFO  o.e.m.c.i.embedder.EclipseLogger - skip non existing resourceDirectory C:\Users\Lucia\Desktop\Proyecto\Proyecto Productos - copia\CatalogoProductos\src\test\resources
2018-10-19 00:04:33,638 [Worker-39: Building workspace] INFO  o.e.m.c.i.embedder.EclipseLogger - Using 'UTF-8' encoding to copy filtered resources.
2018-10-19 00:04:33,638 [Worker-39: Building workspace] INFO  o.e.m.c.i.embedder.EclipseLogger - Copying 0 resource
2018-10-19 00:04:33,638 [Worker-39: Building workspace] INFO  o.e.m.c.i.embedder.EclipseLogger - Copying 1 resource
2018-10-19 00:04:33,653 [Worker-39: Building workspace] INFO  o.e.m.c.i.embedder.EclipseLogger - Using 'UTF-8' encoding to copy filtered resources.
2018-10-19 00:04:33,653 [Worker-39: Building workspace] INFO  o.e.m.c.i.embedder.EclipseLogger - skip non existing resourceDirectory C:\Users\Lucia\Desktop\Proyecto\Proyecto Productos - copia\CatalogoProductos\src\test\resources
2018-10-19 00:05:14,826 [Worker-48: Building workspace] INFO  o.e.m.c.i.embedder.EclipseLogger - Using 'UTF-8' encoding to copy filtered resources.
2018-10-19 00:05:14,826 [Worker-48: Building workspace] INFO  o.e.m.c.i.embedder.EclipseLogger - Copying 0 resource
2018-10-19 00:05:14,826 [Worker-48: Building workspace] INFO  o.e.m.c.i.embedder.EclipseLogger - Copying 1 resource
2018-10-19 00:05:14,841 [Worker-48: Building workspace] INFO  o.e.m.c.i.embedder.EclipseLogger - Using 'UTF-8' encoding to copy filtered resources.
2018-10-19 00:05:14,841 [Worker-48: Building workspace] INFO  o.e.m.c.i.embedder.EclipseLogger - skip non existing resourceDirectory C:\Users\Lucia\Desktop\Proyecto\Proyecto Productos - copia\CatalogoProductos\src\test\resources
2018-10-19 00:13:35,442 [Worker-38: Building workspace] INFO  o.e.m.c.i.embedder.EclipseLogger - Using 'UTF-8' encoding to copy filtered resources.
2018-10-19 00:13:35,450 [Worker-38: Building workspace] INFO  o.e.m.c.i.embedder.EclipseLogger - Copying 1 resource
2018-10-19 00:13:35,482 [Worker-38: Building workspace] INFO  o.e.m.c.i.embedder.EclipseLogger - Copying 21 resources
2018-10-19 00:13:35,543 [Worker-38: Building workspace] INFO  o.e.m.c.i.embedder.EclipseLogger - Using 'UTF-8' encoding to copy filtered resources.
2018-10-19 00:13:35,543 [Worker-38: Building workspace] INFO  o.e.m.c.i.embedder.EclipseLogger - skip non existing resourceDirectory C:\Users\Lucia\Desktop\Proyecto\Proyecto Productos - copia\CatalogoProductos\src\test\resources
2018-10-19 00:16:17,052 [Worker-38: Building workspace] INFO  o.e.m.c.i.embedder.EclipseLogger - Using 'UTF-8' encoding to copy filtered resources.
2018-10-19 00:16:17,053 [Worker-38: Building workspace] INFO  o.e.m.c.i.embedder.EclipseLogger - Copying 0 resource
2018-10-19 00:16:17,053 [Worker-38: Building workspace] INFO  o.e.m.c.i.embedder.EclipseLogger - Copying 1 resource
2018-10-19 00:16:17,061 [Worker-38: Building workspace] INFO  o.e.m.c.i.embedder.EclipseLogger - Using 'UTF-8' encoding to copy filtered resources.
2018-10-19 00:16:17,061 [Worker-38: Building workspace] INFO  o.e.m.c.i.embedder.EclipseLogger - skip non existing resourceDirectory C:\Users\Lucia\Desktop\Proyecto\Proyecto Productos - copia\CatalogoProductos\src\test\resources
2018-10-19 00:17:37,112 [Worker-52: Building workspace] INFO  o.e.m.c.i.embedder.EclipseLogger - Using 'UTF-8' encoding to copy filtered resources.
2018-10-19 00:17:37,112 [Worker-52: Building workspace] INFO  o.e.m.c.i.embedder.EclipseLogger - Copying 0 resource
2018-10-19 00:17:37,112 [Worker-52: Building workspace] INFO  o.e.m.c.i.embedder.EclipseLogger - Copying 1 resource
2018-10-19 00:17:37,128 [Worker-52: Building workspace] INFO  o.e.m.c.i.embedder.EclipseLogger - Using 'UTF-8' encoding to copy filtered resources.
2018-10-19 00:17:37,128 [Worker-52: Building workspace] INFO  o.e.m.c.i.embedder.EclipseLogger - skip non existing resourceDirectory C:\Users\Lucia\Desktop\Proyecto\Proyecto Productos - copia\CatalogoProductos\src\test\resources
2018-10-19 00:17:50,875 [Worker-56: Building workspace] INFO  o.e.m.c.i.embedder.EclipseLogger - Using 'UTF-8' encoding to copy filtered resources.
2018-10-19 00:17:50,875 [Worker-56: Building workspace] INFO  o.e.m.c.i.embedder.EclipseLogger - Copying 0 resource
2018-10-19 00:17:50,876 [Worker-56: Building workspace] INFO  o.e.m.c.i.embedder.EclipseLogger - Copying 1 resource
2018-10-19 00:17:50,894 [Worker-56: Building workspace] INFO  o.e.m.c.i.embedder.EclipseLogger - Using 'UTF-8' encoding to copy filtered resources.
2018-10-19 00:17:50,894 [Worker-56: Building workspace] INFO  o.e.m.c.i.embedder.EclipseLogger - skip non existing resourceDirectory C:\Users\Lucia\Desktop\Proyecto\Proyecto Productos - copia\CatalogoProductos\src\test\resources
2018-10-19 00:22:19,879 [Worker-56: Building workspace] INFO  o.e.m.c.i.embedder.EclipseLogger - Using 'UTF-8' encoding to copy filtered resources.
2018-10-19 00:22:19,879 [Worker-56: Building workspace] INFO  o.e.m.c.i.embedder.EclipseLogger - Copying 0 resource
2018-10-19 00:22:19,879 [Worker-56: Building workspace] INFO  o.e.m.c.i.embedder.EclipseLogger - Copying 1 resource
2018-10-19 00:22:19,895 [Worker-56: Building workspace] INFO  o.e.m.c.i.embedder.EclipseLogger - Using 'UTF-8' encoding to copy filtered resources.
2018-10-19 00:22:19,895 [Worker-56: Building workspace] INFO  o.e.m.c.i.embedder.EclipseLogger - skip non existing resourceDirectory C:\Users\Lucia\Desktop\Proyecto\Proyecto Productos - copia\CatalogoProductos\src\test\resources
2018-10-19 00:28:03,182 [Worker-58: Building workspace] INFO  o.e.m.c.i.embedder.EclipseLogger - Using 'UTF-8' encoding to copy filtered resources.
2018-10-19 00:28:03,182 [Worker-58: Building workspace] INFO  o.e.m.c.i.embedder.EclipseLogger - Copying 0 resource
2018-10-19 00:28:03,182 [Worker-58: Building workspace] INFO  o.e.m.c.i.embedder.EclipseLogger - Copying 1 resource
2018-10-19 00:28:03,188 [Worker-58: Building workspace] INFO  o.e.m.c.i.embedder.EclipseLogger - Using 'UTF-8' encoding to copy filtered resources.
2018-10-19 00:28:03,188 [Worker-58: Building workspace] INFO  o.e.m.c.i.embedder.EclipseLogger - skip non existing resourceDirectory C:\Users\Lucia\Desktop\Proyecto\Proyecto Productos - copia\CatalogoProductos\src\test\resources
2018-10-19 00:29:21,374 [Worker-63: Building workspace] INFO  o.e.m.c.i.embedder.EclipseLogger - Using 'UTF-8' encoding to copy filtered resources.
2018-10-19 00:29:21,374 [Worker-63: Building workspace] INFO  o.e.m.c.i.embedder.EclipseLogger - Copying 0 resource
2018-10-19 00:29:21,374 [Worker-63: Building workspace] INFO  o.e.m.c.i.embedder.EclipseLogger - Copying 1 resource
2018-10-19 00:29:21,396 [Worker-63: Building workspace] INFO  o.e.m.c.i.embedder.EclipseLogger - Using 'UTF-8' encoding to copy filtered resources.
2018-10-19 00:29:21,396 [Worker-63: Building workspace] INFO  o.e.m.c.i.embedder.EclipseLogger - skip non existing resourceDirectory C:\Users\Lucia\Desktop\Proyecto\Proyecto Productos - copia\CatalogoProductos\src\test\resources
2018-10-19 00:29:53,136 [Worker-61: Building workspace] INFO  o.e.m.c.i.embedder.EclipseLogger - Using 'UTF-8' encoding to copy filtered resources.
2018-10-19 00:29:53,136 [Worker-61: Building workspace] INFO  o.e.m.c.i.embedder.EclipseLogger - Copying 0 resource
2018-10-19 00:29:53,136 [Worker-61: Building workspace] INFO  o.e.m.c.i.embedder.EclipseLogger - Copying 1 resource
2018-10-19 00:29:53,152 [Worker-61: Building workspace] INFO  o.e.m.c.i.embedder.EclipseLogger - Using 'UTF-8' encoding to copy filtered resources.
2018-10-19 00:29:53,152 [Worker-61: Building workspace] INFO  o.e.m.c.i.embedder.EclipseLogger - skip non existing resourceDirectory C:\Users\Lucia\Desktop\Proyecto\Proyecto Productos - copia\CatalogoProductos\src\test\resources
2018-10-19 00:32:03,969 [Worker-61: Building workspace] INFO  o.e.m.c.i.embedder.EclipseLogger - Using 'UTF-8' encoding to copy filtered resources.
2018-10-19 00:32:03,979 [Worker-61: Building workspace] INFO  o.e.m.c.i.embedder.EclipseLogger - Copying 1 resource
2018-10-19 00:32:03,999 [Worker-61: Building workspace] INFO  o.e.m.c.i.embedder.EclipseLogger - Copying 21 resources
2018-10-19 00:32:04,019 [Worker-61: Building workspace] INFO  o.e.m.c.i.embedder.EclipseLogger - Using 'UTF-8' encoding to copy filtered resources.
2018-10-19 00:32:04,019 [Worker-61: Building workspace] INFO  o.e.m.c.i.embedder.EclipseLogger - skip non existing resourceDirectory C:\Users\Lucia\Desktop\Proyecto\Proyecto Productos - copia\CatalogoProductos\src\test\resources
2018-10-19 00:33:23,730 [Worker-59: Building workspace] INFO  o.e.m.c.i.embedder.EclipseLogger - Using 'UTF-8' encoding to copy filtered resources.
2018-10-19 00:33:23,730 [Worker-59: Building workspace] INFO  o.e.m.c.i.embedder.EclipseLogger - Copying 0 resource
2018-10-19 00:33:23,730 [Worker-59: Building workspace] INFO  o.e.m.c.i.embedder.EclipseLogger - Copying 1 resource
2018-10-19 00:33:23,745 [Worker-59: Building workspace] INFO  o.e.m.c.i.embedder.EclipseLogger - Using 'UTF-8' encoding to copy filtered resources.
2018-10-19 00:33:23,745 [Worker-59: Building workspace] INFO  o.e.m.c.i.embedder.EclipseLogger - skip non existing resourceDirectory C:\Users\Lucia\Desktop\Proyecto\Proyecto Productos - copia\CatalogoProductos\src\test\resources
2018-10-19 00:41:03,033 [Worker-64: Building workspace] INFO  o.e.m.c.i.embedder.EclipseLogger - Using 'UTF-8' encoding to copy filtered resources.
2018-10-19 00:41:03,033 [Worker-64: Building workspace] INFO  o.e.m.c.i.embedder.EclipseLogger - Copying 1 resource
2018-10-19 00:41:03,041 [Worker-64: Building workspace] INFO  o.e.m.c.i.embedder.EclipseLogger - Copying 21 resources
2018-10-19 00:41:03,051 [Worker-64: Building workspace] INFO  o.e.m.c.i.embedder.EclipseLogger - Using 'UTF-8' encoding to copy filtered resources.
2018-10-19 00:41:03,051 [Worker-64: Building workspace] INFO  o.e.m.c.i.embedder.EclipseLogger - skip non existing resourceDirectory C:\Users\Lucia\Desktop\Proyecto\Proyecto Productos - copia\CatalogoProductos\src\test\resources
2018-10-19 00:41:12,592 [Worker-65: Building workspace] INFO  o.e.m.c.i.embedder.EclipseLogger - Using 'UTF-8' encoding to copy filtered resources.
2018-10-19 00:41:12,602 [Worker-65: Building workspace] INFO  o.e.m.c.i.embedder.EclipseLogger - Copying 1 resource
2018-10-19 00:41:12,602 [Worker-65: Building workspace] INFO  o.e.m.c.i.embedder.EclipseLogger - Copying 21 resources
2018-10-19 00:41:12,618 [Worker-65: Building workspace] INFO  o.e.m.c.i.embedder.EclipseLogger - Using 'UTF-8' encoding to copy filtered resources.
2018-10-19 00:41:12,618 [Worker-65: Building workspace] INFO  o.e.m.c.i.embedder.EclipseLogger - skip non existing resourceDirectory C:\Users\Lucia\Desktop\Proyecto\Proyecto Productos - copia\CatalogoProductos\src\test\resources
2018-10-19 00:42:19,709 [Worker-64: Building workspace] INFO  o.e.m.c.i.embedder.EclipseLogger - Using 'UTF-8' encoding to copy filtered resources.
2018-10-19 00:42:19,725 [Worker-64: Building workspace] INFO  o.e.m.c.i.embedder.EclipseLogger - Copying 1 resource
2018-10-19 00:42:19,725 [Worker-64: Building workspace] INFO  o.e.m.c.i.embedder.EclipseLogger - Copying 21 resources
2018-10-19 00:42:19,763 [Worker-64: Building workspace] INFO  o.e.m.c.i.embedder.EclipseLogger - Using 'UTF-8' encoding to copy filtered resources.
2018-10-19 00:42:19,763 [Worker-64: Building workspace] INFO  o.e.m.c.i.embedder.EclipseLogger - skip non existing resourceDirectory C:\Users\Lucia\Desktop\Proyecto\Proyecto Productos - copia\CatalogoProductos\src\test\resources
2018-10-19 00:45:20,972 [Worker-68: Building workspace] INFO  o.e.m.c.i.embedder.EclipseLogger - Using 'UTF-8' encoding to copy filtered resources.
2018-10-19 00:45:20,979 [Worker-68: Building workspace] INFO  o.e.m.c.i.embedder.EclipseLogger - Copying 1 resource
2018-10-19 00:45:20,985 [Worker-68: Building workspace] INFO  o.e.m.c.i.embedder.EclipseLogger - Copying 21 resources
2018-10-19 00:45:20,993 [Worker-68: Building workspace] INFO  o.e.m.c.i.embedder.EclipseLogger - Using 'UTF-8' encoding to copy filtered resources.
2018-10-19 00:45:20,993 [Worker-68: Building workspace] INFO  o.e.m.c.i.embedder.EclipseLogger - skip non existing resourceDirectory C:\Users\Lucia\Desktop\Proyecto\Proyecto Productos - copia\CatalogoProductos\src\test\resources
2018-10-19 00:45:36,524 [Worker-66: Building workspace] INFO  o.e.m.c.i.embedder.EclipseLogger - Using 'UTF-8' encoding to copy filtered resources.
2018-10-19 00:45:36,539 [Worker-66: Building workspace] INFO  o.e.m.c.i.embedder.EclipseLogger - Copying 1 resource
2018-10-19 00:45:36,539 [Worker-66: Building workspace] INFO  o.e.m.c.i.embedder.EclipseLogger - Copying 21 resources
2018-10-19 00:45:36,555 [Worker-66: Building workspace] INFO  o.e.m.c.i.embedder.EclipseLogger - Using 'UTF-8' encoding to copy filtered resources.
2018-10-19 00:45:36,555 [Worker-66: Building workspace] INFO  o.e.m.c.i.embedder.EclipseLogger - skip non existing resourceDirectory C:\Users\Lucia\Desktop\Proyecto\Proyecto Productos - copia\CatalogoProductos\src\test\resources
2018-10-19 00:49:32,135 [Worker-66: Building workspace] INFO  o.e.m.c.i.embedder.EclipseLogger - Using 'UTF-8' encoding to copy filtered resources.
2018-10-19 00:49:32,135 [Worker-66: Building workspace] INFO  o.e.m.c.i.embedder.EclipseLogger - Copying 0 resource
2018-10-19 00:49:32,150 [Worker-66: Building workspace] INFO  o.e.m.c.i.embedder.EclipseLogger - Copying 1 resource
2018-10-19 00:49:32,150 [Worker-66: Building workspace] INFO  o.e.m.c.i.embedder.EclipseLogger - Using 'UTF-8' encoding to copy filtered resources.
2018-10-19 00:49:32,150 [Worker-66: Building workspace] INFO  o.e.m.c.i.embedder.EclipseLogger - skip non existing resourceDirectory C:\Users\Lucia\Desktop\Proyecto\Proyecto Productos - copia\CatalogoProductos\src\test\resources
2018-10-19 00:49:50,329 [Worker-72: Building workspace] INFO  o.e.m.c.i.embedder.EclipseLogger - Using 'UTF-8' encoding to copy filtered resources.
2018-10-19 00:49:50,329 [Worker-72: Building workspace] INFO  o.e.m.c.i.embedder.EclipseLogger - Copying 1 resource
2018-10-19 00:49:50,345 [Worker-72: Building workspace] INFO  o.e.m.c.i.embedder.EclipseLogger - Copying 21 resources
2018-10-19 00:49:50,351 [Worker-72: Building workspace] INFO  o.e.m.c.i.embedder.EclipseLogger - Using 'UTF-8' encoding to copy filtered resources.
2018-10-19 00:49:50,351 [Worker-72: Building workspace] INFO  o.e.m.c.i.embedder.EclipseLogger - skip non existing resourceDirectory C:\Users\Lucia\Desktop\Proyecto\Proyecto Productos - copia\CatalogoProductos\src\test\resources
2018-10-19 00:50:24,579 [Worker-73: Building workspace] INFO  o.e.m.c.i.embedder.EclipseLogger - Using 'UTF-8' encoding to copy filtered resources.
2018-10-19 00:50:24,579 [Worker-73: Building workspace] INFO  o.e.m.c.i.embedder.EclipseLogger - Copying 1 resource
2018-10-19 00:50:24,648 [Worker-73: Building workspace] INFO  o.e.m.c.i.embedder.EclipseLogger - Copying 21 resources
2018-10-19 00:50:24,664 [Worker-73: Building workspace] INFO  o.e.m.c.i.embedder.EclipseLogger - Using 'UTF-8' encoding to copy filtered resources.
2018-10-19 00:50:24,664 [Worker-73: Building workspace] INFO  o.e.m.c.i.embedder.EclipseLogger - skip non existing resourceDirectory C:\Users\Lucia\Desktop\Proyecto\Proyecto Productos - copia\CatalogoProductos\src\test\resources
2018-10-19 00:50:35,564 [Worker-74: Building workspace] INFO  o.e.m.c.i.embedder.EclipseLogger - Using 'UTF-8' encoding to copy filtered resources.
2018-10-19 00:50:35,566 [Worker-74: Building workspace] INFO  o.e.m.c.i.embedder.EclipseLogger - Copying 1 resource
2018-10-19 00:50:35,586 [Worker-74: Building workspace] INFO  o.e.m.c.i.embedder.EclipseLogger - Copying 21 resources
2018-10-19 00:50:35,624 [Worker-74: Building workspace] INFO  o.e.m.c.i.embedder.EclipseLogger - Using 'UTF-8' encoding to copy filtered resources.
2018-10-19 00:50:35,624 [Worker-74: Building workspace] INFO  o.e.m.c.i.embedder.EclipseLogger - skip non existing resourceDirectory C:\Users\Lucia\Desktop\Proyecto\Proyecto Productos - copia\CatalogoProductos\src\test\resources
2018-10-19 00:50:53,293 [Worker-66: Building workspace] INFO  o.e.m.c.i.embedder.EclipseLogger - Using 'UTF-8' encoding to copy filtered resources.
2018-10-19 00:50:53,293 [Worker-66: Building workspace] INFO  o.e.m.c.i.embedder.EclipseLogger - Copying 1 resource
2018-10-19 00:50:53,309 [Worker-66: Building workspace] INFO  o.e.m.c.i.embedder.EclipseLogger - Copying 21 resources
2018-10-19 00:50:53,309 [Worker-66: Building workspace] INFO  o.e.m.c.i.embedder.EclipseLogger - Using 'UTF-8' encoding to copy filtered resources.
2018-10-19 00:50:53,309 [Worker-66: Building workspace] INFO  o.e.m.c.i.embedder.EclipseLogger - skip non existing resourceDirectory C:\Users\Lucia\Desktop\Proyecto\Proyecto Productos - copia\CatalogoProductos\src\test\resources
2018-10-19 00:51:07,332 [Worker-72: Building workspace] INFO  o.e.m.c.i.embedder.EclipseLogger - Using 'UTF-8' encoding to copy filtered resources.
2018-10-19 00:51:07,348 [Worker-72: Building workspace] INFO  o.e.m.c.i.embedder.EclipseLogger - Copying 1 resource
2018-10-19 00:51:07,354 [Worker-72: Building workspace] INFO  o.e.m.c.i.embedder.EclipseLogger - Copying 21 resources
2018-10-19 00:51:07,354 [Worker-72: Building workspace] INFO  o.e.m.c.i.embedder.EclipseLogger - Using 'UTF-8' encoding to copy filtered resources.
2018-10-19 00:51:07,354 [Worker-72: Building workspace] INFO  o.e.m.c.i.embedder.EclipseLogger - skip non existing resourceDirectory C:\Users\Lucia\Desktop\Proyecto\Proyecto Productos - copia\CatalogoProductos\src\test\resources
2018-10-19 00:51:16,793 [Worker-77: Building workspace] INFO  o.e.m.c.i.embedder.EclipseLogger - Using 'UTF-8' encoding to copy filtered resources.
2018-10-19 00:51:16,803 [Worker-77: Building workspace] INFO  o.e.m.c.i.embedder.EclipseLogger - Copying 1 resource
2018-10-19 00:51:16,813 [Worker-77: Building workspace] INFO  o.e.m.c.i.embedder.EclipseLogger - Copying 21 resources
2018-10-19 00:51:16,821 [Worker-77: Building workspace] INFO  o.e.m.c.i.embedder.EclipseLogger - Using 'UTF-8' encoding to copy filtered resources.
2018-10-19 00:51:16,821 [Worker-77: Building workspace] INFO  o.e.m.c.i.embedder.EclipseLogger - skip non existing resourceDirectory C:\Users\Lucia\Desktop\Proyecto\Proyecto Productos - copia\CatalogoProductos\src\test\resources
2018-10-19 00:51:27,459 [Worker-75: Building workspace] INFO  o.e.m.c.i.embedder.EclipseLogger - Using 'UTF-8' encoding to copy filtered resources.
2018-10-19 00:51:27,467 [Worker-75: Building workspace] INFO  o.e.m.c.i.embedder.EclipseLogger - Copying 1 resource
2018-10-19 00:51:27,467 [Worker-75: Building workspace] INFO  o.e.m.c.i.embedder.EclipseLogger - Copying 21 resources
2018-10-19 00:51:27,477 [Worker-75: Building workspace] INFO  o.e.m.c.i.embedder.EclipseLogger - Using 'UTF-8' encoding to copy filtered resources.
2018-10-19 00:51:27,477 [Worker-75: Building workspace] INFO  o.e.m.c.i.embedder.EclipseLogger - skip non existing resourceDirectory C:\Users\Lucia\Desktop\Proyecto\Proyecto Productos - copia\CatalogoProductos\src\test\resources
2018-10-19 00:51:46,291 [Worker-76: Building workspace] INFO  o.e.m.c.i.embedder.EclipseLogger - Using 'UTF-8' encoding to copy filtered resources.
2018-10-19 00:51:46,291 [Worker-76: Building workspace] INFO  o.e.m.c.i.embedder.EclipseLogger - Copying 1 resource
2018-10-19 00:51:46,306 [Worker-76: Building workspace] INFO  o.e.m.c.i.embedder.EclipseLogger - Copying 21 resources
2018-10-19 00:51:46,313 [Worker-76: Building workspace] INFO  o.e.m.c.i.embedder.EclipseLogger - Using 'UTF-8' encoding to copy filtered resources.
2018-10-19 00:51:46,313 [Worker-76: Building workspace] INFO  o.e.m.c.i.embedder.EclipseLogger - skip non existing resourceDirectory C:\Users\Lucia\Desktop\Proyecto\Proyecto Productos - copia\CatalogoProductos\src\test\resources
2018-10-19 00:54:00,373 [Worker-73: Building workspace] INFO  o.e.m.c.i.embedder.EclipseLogger - Using 'UTF-8' encoding to copy filtered resources.
2018-10-19 00:54:00,397 [Worker-73: Building workspace] INFO  o.e.m.c.i.embedder.EclipseLogger - Copying 1 resource
2018-10-19 00:54:00,407 [Worker-73: Building workspace] INFO  o.e.m.c.i.embedder.EclipseLogger - Copying 21 resources
2018-10-19 00:54:00,417 [Worker-73: Building workspace] INFO  o.e.m.c.i.embedder.EclipseLogger - Using 'UTF-8' encoding to copy filtered resources.
2018-10-19 00:54:00,417 [Worker-73: Building workspace] INFO  o.e.m.c.i.embedder.EclipseLogger - skip non existing resourceDirectory C:\Users\Lucia\Desktop\Proyecto\Proyecto Productos - copia\CatalogoProductos\src\test\resources
2018-10-19 00:54:29,138 [Worker-76: Building workspace] INFO  o.e.m.c.i.embedder.EclipseLogger - Using 'UTF-8' encoding to copy filtered resources.
2018-10-19 00:54:29,153 [Worker-76: Building workspace] INFO  o.e.m.c.i.embedder.EclipseLogger - Copying 1 resource
2018-10-19 00:54:29,153 [Worker-76: Building workspace] INFO  o.e.m.c.i.embedder.EclipseLogger - Copying 21 resources
2018-10-19 00:54:29,169 [Worker-76: Building workspace] INFO  o.e.m.c.i.embedder.EclipseLogger - Using 'UTF-8' encoding to copy filtered resources.
2018-10-19 00:54:29,169 [Worker-76: Building workspace] INFO  o.e.m.c.i.embedder.EclipseLogger - skip non existing resourceDirectory C:\Users\Lucia\Desktop\Proyecto\Proyecto Productos - copia\CatalogoProductos\src\test\resources
2018-10-19 00:55:25,082 [Worker-79: Building workspace] INFO  o.e.m.c.i.embedder.EclipseLogger - Using 'UTF-8' encoding to copy filtered resources.
2018-10-19 00:55:25,098 [Worker-79: Building workspace] INFO  o.e.m.c.i.embedder.EclipseLogger - Copying 1 resource
2018-10-19 00:55:25,098 [Worker-79: Building workspace] INFO  o.e.m.c.i.embedder.EclipseLogger - Copying 21 resources
2018-10-19 00:55:25,114 [Worker-79: Building workspace] INFO  o.e.m.c.i.embedder.EclipseLogger - Using 'UTF-8' encoding to copy filtered resources.
2018-10-19 00:55:25,114 [Worker-79: Building workspace] INFO  o.e.m.c.i.embedder.EclipseLogger - skip non existing resourceDirectory C:\Users\Lucia\Desktop\Proyecto\Proyecto Productos - copia\CatalogoProductos\src\test\resources
2018-10-19 00:55:49,679 [Worker-78: Launching CatalogoProductos - CatalogoProductosApplication] INFO  o.e.m.c.i.embedder.EclipseLogger - Using 'UTF-8' encoding to copy filtered resources.
2018-10-19 00:55:49,679 [Worker-78: Launching CatalogoProductos - CatalogoProductosApplication] INFO  o.e.m.c.i.embedder.EclipseLogger - Copying 1 resource
2018-10-19 00:55:49,694 [Worker-78: Launching CatalogoProductos - CatalogoProductosApplication] INFO  o.e.m.c.i.embedder.EclipseLogger - Copying 21 resources
2018-10-19 00:55:49,694 [Worker-78: Launching CatalogoProductos - CatalogoProductosApplication] INFO  o.e.m.c.i.embedder.EclipseLogger - Using 'UTF-8' encoding to copy filtered resources.
2018-10-19 00:55:49,694 [Worker-78: Launching CatalogoProductos - CatalogoProductosApplication] INFO  o.e.m.c.i.embedder.EclipseLogger - skip non existing resourceDirectory C:\Users\Lucia\Desktop\Proyecto\Proyecto Productos - copia\CatalogoProductos\src\test\resources
2018-10-19 00:56:41,998 [Worker-79: Building workspace] INFO  o.e.m.c.i.embedder.EclipseLogger - Using 'UTF-8' encoding to copy filtered resources.
2018-10-19 00:56:42,008 [Worker-79: Building workspace] INFO  o.e.m.c.i.embedder.EclipseLogger - Copying 1 resource
2018-10-19 00:56:42,017 [Worker-79: Building workspace] INFO  o.e.m.c.i.embedder.EclipseLogger - Copying 21 resources
2018-10-19 00:56:42,026 [Worker-79: Building workspace] INFO  o.e.m.c.i.embedder.EclipseLogger - Using 'UTF-8' encoding to copy filtered resources.
2018-10-19 00:56:42,027 [Worker-79: Building workspace] INFO  o.e.m.c.i.embedder.EclipseLogger - skip non existing resourceDirectory C:\Users\Lucia\Desktop\Proyecto\Proyecto Productos - copia\CatalogoProductos\src\test\resources
2018-10-19 00:58:05,240 [Worker-77: Building workspace] INFO  o.e.m.c.i.embedder.EclipseLogger - Using 'UTF-8' encoding to copy filtered resources.
2018-10-19 00:58:05,240 [Worker-77: Building workspace] INFO  o.e.m.c.i.embedder.EclipseLogger - Copying 0 resource
2018-10-19 00:58:05,240 [Worker-77: Building workspace] INFO  o.e.m.c.i.embedder.EclipseLogger - Copying 1 resource
2018-10-19 00:58:05,240 [Worker-77: Building workspace] INFO  o.e.m.c.i.embedder.EclipseLogger - Using 'UTF-8' encoding to copy filtered resources.
2018-10-19 00:58:05,255 [Worker-77: Building workspace] INFO  o.e.m.c.i.embedder.EclipseLogger - skip non existing resourceDirectory C:\Users\Lucia\Desktop\Proyecto\Proyecto Productos - copia\CatalogoProductos\src\test\resources
2018-10-19 00:59:37,841 [Worker-72: Building workspace] INFO  o.e.m.c.i.embedder.EclipseLogger - Using 'UTF-8' encoding to copy filtered resources.
2018-10-19 00:59:37,857 [Worker-72: Building workspace] INFO  o.e.m.c.i.embedder.EclipseLogger - Copying 1 resource
2018-10-19 00:59:37,866 [Worker-72: Building workspace] INFO  o.e.m.c.i.embedder.EclipseLogger - Copying 21 resources
2018-10-19 00:59:37,866 [Worker-72: Building workspace] INFO  o.e.m.c.i.embedder.EclipseLogger - Using 'UTF-8' encoding to copy filtered resources.
2018-10-19 00:59:37,866 [Worker-72: Building workspace] INFO  o.e.m.c.i.embedder.EclipseLogger - skip non existing resourceDirectory C:\Users\Lucia\Desktop\Proyecto\Proyecto Productos - copia\CatalogoProductos\src\test\resources
2018-10-19 01:00:31,570 [Worker-78: Building workspace] INFO  o.e.m.c.i.embedder.EclipseLogger - Using 'UTF-8' encoding to copy filtered resources.
2018-10-19 01:00:31,585 [Worker-78: Building workspace] INFO  o.e.m.c.i.embedder.EclipseLogger - Copying 1 resource
2018-10-19 01:00:31,617 [Worker-78: Building workspace] INFO  o.e.m.c.i.embedder.EclipseLogger - Copying 21 resources
2018-10-19 01:00:31,617 [Worker-78: Building workspace] INFO  o.e.m.c.i.embedder.EclipseLogger - Using 'UTF-8' encoding to copy filtered resources.
2018-10-19 01:00:31,617 [Worker-78: Building workspace] INFO  o.e.m.c.i.embedder.EclipseLogger - skip non existing resourceDirectory C:\Users\Lucia\Desktop\Proyecto\Proyecto Productos - copia\CatalogoProductos\src\test\resources
2018-10-19 01:01:07,340 [Worker-73: Building workspace] INFO  o.e.m.c.i.embedder.EclipseLogger - Using 'UTF-8' encoding to copy filtered resources.
2018-10-19 01:01:07,345 [Worker-73: Building workspace] INFO  o.e.m.c.i.embedder.EclipseLogger - Copying 1 resource
2018-10-19 01:01:07,351 [Worker-73: Building workspace] INFO  o.e.m.c.i.embedder.EclipseLogger - Copying 21 resources
2018-10-19 01:01:07,358 [Worker-73: Building workspace] INFO  o.e.m.c.i.embedder.EclipseLogger - Using 'UTF-8' encoding to copy filtered resources.
2018-10-19 01:01:07,358 [Worker-73: Building workspace] INFO  o.e.m.c.i.embedder.EclipseLogger - skip non existing resourceDirectory C:\Users\Lucia\Desktop\Proyecto\Proyecto Productos - copia\CatalogoProductos\src\test\resources
2018-10-19 01:01:15,678 [Worker-72: Building workspace] INFO  o.e.m.c.i.embedder.EclipseLogger - Using 'UTF-8' encoding to copy filtered resources.
2018-10-19 01:01:15,709 [Worker-72: Building workspace] INFO  o.e.m.c.i.embedder.EclipseLogger - Copying 1 resource
2018-10-19 01:01:15,716 [Worker-72: Building workspace] INFO  o.e.m.c.i.embedder.EclipseLogger - Copying 21 resources
2018-10-19 01:01:15,716 [Worker-72: Building workspace] INFO  o.e.m.c.i.embedder.EclipseLogger - Using 'UTF-8' encoding to copy filtered resources.
2018-10-19 01:01:15,716 [Worker-72: Building workspace] INFO  o.e.m.c.i.embedder.EclipseLogger - skip non existing resourceDirectory C:\Users\Lucia\Desktop\Proyecto\Proyecto Productos - copia\CatalogoProductos\src\test\resources
2018-10-19 01:04:13,680 [Worker-73: Building workspace] INFO  o.e.m.c.i.embedder.EclipseLogger - Using 'UTF-8' encoding to copy filtered resources.
2018-10-19 01:04:13,680 [Worker-73: Building workspace] INFO  o.e.m.c.i.embedder.EclipseLogger - Copying 1 resource
2018-10-19 01:04:13,695 [Worker-73: Building workspace] INFO  o.e.m.c.i.embedder.EclipseLogger - Copying 21 resources
2018-10-19 01:04:13,695 [Worker-73: Building workspace] INFO  o.e.m.c.i.embedder.EclipseLogger - Using 'UTF-8' encoding to copy filtered resources.
2018-10-19 01:04:13,695 [Worker-73: Building workspace] INFO  o.e.m.c.i.embedder.EclipseLogger - skip non existing resourceDirectory C:\Users\Lucia\Desktop\Proyecto\Proyecto Productos - copia\CatalogoProductos\src\test\resources
2018-10-19 01:12:20,905 [Worker-7: Building workspace] INFO  o.e.m.c.i.embedder.EclipseLogger - Using 'UTF-8' encoding to copy filtered resources.
2018-10-19 01:12:20,982 [Worker-7: Building workspace] INFO  o.e.m.c.i.embedder.EclipseLogger - Copying 1 resource
2018-10-19 01:12:21,014 [Worker-7: Building workspace] INFO  o.e.m.c.i.embedder.EclipseLogger - Copying 21 resources
2018-10-19 01:12:21,520 [Worker-7: Building workspace] INFO  o.e.m.c.i.embedder.EclipseLogger - Using 'UTF-8' encoding to copy filtered resources.
2018-10-19 01:12:21,520 [Worker-7: Building workspace] INFO  o.e.m.c.i.embedder.EclipseLogger - skip non existing resourceDirectory C:\Users\Lucia\Desktop\Proyecto\Proyecto Productos - copia\CatalogoProductos\src\test\resources
2018-10-19 01:13:18,094 [Worker-6: Building workspace] INFO  o.e.m.c.i.embedder.EclipseLogger - Using 'UTF-8' encoding to copy filtered resources.
2018-10-19 01:13:18,102 [Worker-6: Building workspace] INFO  o.e.m.c.i.embedder.EclipseLogger - Copying 0 resource
2018-10-19 01:13:18,103 [Worker-6: Building workspace] INFO  o.e.m.c.i.embedder.EclipseLogger - Copying 1 resource
2018-10-19 01:13:18,120 [Worker-6: Building workspace] INFO  o.e.m.c.i.embedder.EclipseLogger - Using 'UTF-8' encoding to copy filtered resources.
2018-10-19 01:13:18,120 [Worker-6: Building workspace] INFO  o.e.m.c.i.embedder.EclipseLogger - skip non existing resourceDirectory C:\Users\Lucia\Desktop\Proyecto\Proyecto Productos - copia\CatalogoProductos\src\test\resources
2018-10-19 01:14:32,762 [Worker-15: Building workspace] INFO  o.e.m.c.i.embedder.EclipseLogger - Using 'UTF-8' encoding to copy filtered resources.
2018-10-19 01:14:32,772 [Worker-15: Building workspace] INFO  o.e.m.c.i.embedder.EclipseLogger - Copying 0 resource
2018-10-19 01:14:32,773 [Worker-15: Building workspace] INFO  o.e.m.c.i.embedder.EclipseLogger - Copying 1 resource
2018-10-19 01:14:32,781 [Worker-15: Building workspace] INFO  o.e.m.c.i.embedder.EclipseLogger - Using 'UTF-8' encoding to copy filtered resources.
2018-10-19 01:14:32,782 [Worker-15: Building workspace] INFO  o.e.m.c.i.embedder.EclipseLogger - skip non existing resourceDirectory C:\Users\Lucia\Desktop\Proyecto\Proyecto Productos - copia\CatalogoProductos\src\test\resources
